<?xml version="1.0" encoding="UTF-8"?>
<!-- Generated by org.testng.reporters.JUnitXMLReporter -->
<testsuite hostname="LAPTOP-HTP87A41" name="BankingAppTest" tests="2" failures="1" timestamp="11 May 2020 05:18:18 GMT" time="15.393" errors="0">
  <testcase name="@AfterMethod tearDown" time="0.0" classname="com.testCases.TC01_MobileProductsSortbyName">
    <failure type="java.lang.NullPointerException">
      <![CDATA[java.lang.NullPointerException
	at com.testCases.BaseClass.tearDown(BaseClass.java:100)
... Removed 26 stack frames]]>
    </failure>
  </testcase> <!-- @AfterMethod tearDown -->
  <testcase name="@AfterClass closeBrowser" time="0.0" classname="com.testCases.TC01_MobileProductsSortbyName">
    <skipped/>
  </testcase> <!-- @AfterClass closeBrowser -->
  <testcase name="@BeforeClass Setup" time="0.0" classname="com.testCases.TC02_CompareMobilePrice">
    <skipped/>
  </testcase> <!-- @BeforeClass Setup -->
  <testcase name="@AfterMethod tearDown" time="0.0" classname="com.testCases.TC02_CompareMobilePrice">
    <skipped/>
  </testcase> <!-- @AfterMethod tearDown -->
  <testcase name="@AfterClass closeBrowser" time="0.0" classname="com.testCases.TC02_CompareMobilePrice">
    <skipped/>
  </testcase> <!-- @AfterClass closeBrowser -->
  <testcase name="SortbyName" time="0.008" classname="com.testCases.TC01_MobileProductsSortbyName">
    <failure type="java.lang.NullPointerException">
      <![CDATA[java.lang.NullPointerException
	at com.testCases.TC01_MobileProductsSortbyName.SortbyName(TC01_MobileProductsSortbyName.java:17)
... Removed 24 stack frames]]>
    </failure>
  </testcase> <!-- SortbyName -->
  <testcase name="compareMobilePrice" time="0.002" classname="com.testCases.TC02_CompareMobilePrice">
    <skipped/>
  </testcase> <!-- compareMobilePrice -->
</testsuite> <!-- BankingAppTest -->
