<?xml version="1.0" encoding="UTF-8"?>
<!-- Generated by org.testng.reporters.JUnitXMLReporter -->
<testsuite hostname="LAPTOP-HTP87A41" name="BankingAppTest(failed)" tests="1" failures="1" timestamp="11 May 2020 05:18:31 GMT" time="13.544" errors="0">
  <testcase name="@AfterMethod tearDown" time="0.0" classname="com.testCases.TC02_CompareMobilePrice">
    <failure type="java.lang.NullPointerException">
      <![CDATA[java.lang.NullPointerException
	at com.testCases.BaseClass.tearDown(BaseClass.java:100)
... Removed 26 stack frames]]>
    </failure>
  </testcase> <!-- @AfterMethod tearDown -->
  <testcase name="@AfterClass closeBrowser" time="0.0" classname="com.testCases.TC02_CompareMobilePrice">
    <skipped/>
  </testcase> <!-- @AfterClass closeBrowser -->
  <testcase name="compareMobilePrice" time="0.003" classname="com.testCases.TC02_CompareMobilePrice">
    <failure type="java.lang.NullPointerException">
      <![CDATA[java.lang.NullPointerException
	at com.testCases.TC02_CompareMobilePrice.compareMobilePrice(TC02_CompareMobilePrice.java:17)
... Removed 24 stack frames]]>
    </failure>
  </testcase> <!-- compareMobilePrice -->
</testsuite> <!-- BankingAppTest(failed) -->
