<?xml version="1.0" encoding="UTF-8"?>
<testng-results skipped="1" failed="0" total="1" passed="0">
  <reporter-output>
  </reporter-output>
  <suite name="Suite" duration-ms="1609" started-at="2020-06-14T15:52:50Z" finished-at="2020-06-14T15:52:51Z">
    <groups>
    </groups>
    <test name="BankingAppTest" duration-ms="1609" started-at="2020-06-14T15:52:50Z" finished-at="2020-06-14T15:52:51Z">
      <class name="com.testCases.TC08_Reorder">
        <test-method status="PASS" signature="reportInitiation()[pri:0, instance:com.testCases.TC08_Reorder@4ae3c1cd]" name="reportInitiation" is-config="true" duration-ms="137" started-at="2020-06-14T21:22:50Z" finished-at="2020-06-14T21:22:50Z">
          <reporter-output>
          </reporter-output>
        </test-method> <!-- reportInitiation -->
        <test-method status="FAIL" signature="Setup(java.lang.String)[pri:0, instance:com.testCases.TC08_Reorder@4ae3c1cd]" name="Setup" is-config="true" duration-ms="0" started-at="2020-06-14T21:22:50Z" finished-at="2020-06-14T21:22:50Z">
          <params>
            <param index="0">
              <value>
                <![CDATA[chrome]]>
              </value>
            </param>
          </params>
          <exception class="org.openqa.selenium.SessionNotCreatedException">
            <message>
              <![CDATA[session not created: This version of ChromeDriver only supports Chrome version 80
Build info: version: '3.14.0', revision: 'aacccce0', time: '2018-08-02T20:19:58.91Z'
System info: host: 'LAPTOP-HTP87A41', ip: '172.20.10.6', os.name: 'Windows 10', os.arch: 'amd64', os.version: '10.0', java.version: '1.8.0_202'
Driver info: driver.version: ChromeDriver
remote stacktrace: Backtrace:
	Ordinal0 [0x00E60C83+1707139]
	Ordinal0 [0x00DC68F1+1075441]
	Ordinal0 [0x00D3DFC9+516041]
	Ordinal0 [0x00CD0554+66900]
	Ordinal0 [0x00CCCCE2+52450]
	Ordinal0 [0x00CEBFD7+180183]
	Ordinal0 [0x00CEBDDD+179677]
	Ordinal0 [0x00CE9D4B+171339]
	Ordinal0 [0x00CD1D4A+73034]
	Ordinal0 [0x00CD2DC0+77248]
	Ordinal0 [0x00CD2D59+77145]
	Ordinal0 [0x00DDBB67+1162087]
	GetHandleVerifier [0x00EFA966+508998]
	GetHandleVerifier [0x00EFA6A4+508292]
	GetHandleVerifier [0x00F0F7B7+594583]
	GetHandleVerifier [0x00EFB1D6+511158]
	Ordinal0 [0x00DD402C+1130540]
	Ordinal0 [0x00DDD4CB+1168587]
	Ordinal0 [0x00DDD633+1168947]
	Ordinal0 [0x00DF5B35+1268533]
	BaseThreadInitThunk [0x77236359+25]
	RtlGetAppContainerNamedObjectPath [0x77D27C24+228]
	RtlGetAppContainerNamedObjectPath [0x77D27BF4+180]
]]>
            </message>
            <full-stacktrace>
              <![CDATA[org.openqa.selenium.SessionNotCreatedException: session not created: This version of ChromeDriver only supports Chrome version 80
Build info: version: '3.14.0', revision: 'aacccce0', time: '2018-08-02T20:19:58.91Z'
System info: host: 'LAPTOP-HTP87A41', ip: '172.20.10.6', os.name: 'Windows 10', os.arch: 'amd64', os.version: '10.0', java.version: '1.8.0_202'
Driver info: driver.version: ChromeDriver
remote stacktrace: Backtrace:
	Ordinal0 [0x00E60C83+1707139]
	Ordinal0 [0x00DC68F1+1075441]
	Ordinal0 [0x00D3DFC9+516041]
	Ordinal0 [0x00CD0554+66900]
	Ordinal0 [0x00CCCCE2+52450]
	Ordinal0 [0x00CEBFD7+180183]
	Ordinal0 [0x00CEBDDD+179677]
	Ordinal0 [0x00CE9D4B+171339]
	Ordinal0 [0x00CD1D4A+73034]
	Ordinal0 [0x00CD2DC0+77248]
	Ordinal0 [0x00CD2D59+77145]
	Ordinal0 [0x00DDBB67+1162087]
	GetHandleVerifier [0x00EFA966+508998]
	GetHandleVerifier [0x00EFA6A4+508292]
	GetHandleVerifier [0x00F0F7B7+594583]
	GetHandleVerifier [0x00EFB1D6+511158]
	Ordinal0 [0x00DD402C+1130540]
	Ordinal0 [0x00DDD4CB+1168587]
	Ordinal0 [0x00DDD633+1168947]
	Ordinal0 [0x00DF5B35+1268533]
	BaseThreadInitThunk [0x77236359+25]
	RtlGetAppContainerNamedObjectPath [0x77D27C24+228]
	RtlGetAppContainerNamedObjectPath [0x77D27BF4+180]

	at sun.reflect.NativeConstructorAccessorImpl.newInstance0(Native Method)
	at sun.reflect.NativeConstructorAccessorImpl.newInstance(NativeConstructorAccessorImpl.java:62)
	at sun.reflect.DelegatingConstructorAccessorImpl.newInstance(DelegatingConstructorAccessorImpl.java:45)
	at java.lang.reflect.Constructor.newInstance(Constructor.java:423)
	at org.openqa.selenium.remote.W3CHandshakeResponse.lambda$new$0(W3CHandshakeResponse.java:57)
	at org.openqa.selenium.remote.W3CHandshakeResponse.lambda$getResponseFunction$2(W3CHandshakeResponse.java:104)
	at org.openqa.selenium.remote.ProtocolHandshake.lambda$createSession$0(ProtocolHandshake.java:122)
	at java.util.stream.ReferencePipeline$3$1.accept(ReferencePipeline.java:193)
	at java.util.Spliterators$ArraySpliterator.tryAdvance(Spliterators.java:958)
	at java.util.stream.ReferencePipeline.forEachWithCancel(ReferencePipeline.java:126)
	at java.util.stream.AbstractPipeline.copyIntoWithCancel(AbstractPipeline.java:498)
	at java.util.stream.AbstractPipeline.copyInto(AbstractPipeline.java:485)
	at java.util.stream.AbstractPipeline.wrapAndCopyInto(AbstractPipeline.java:471)
	at java.util.stream.FindOps$FindOp.evaluateSequential(FindOps.java:152)
	at java.util.stream.AbstractPipeline.evaluate(AbstractPipeline.java:234)
	at java.util.stream.ReferencePipeline.findFirst(ReferencePipeline.java:464)
	at org.openqa.selenium.remote.ProtocolHandshake.createSession(ProtocolHandshake.java:125)
	at org.openqa.selenium.remote.ProtocolHandshake.createSession(ProtocolHandshake.java:73)
	at org.openqa.selenium.remote.HttpCommandExecutor.execute(HttpCommandExecutor.java:136)
	at org.openqa.selenium.remote.service.DriverCommandExecutor.execute(DriverCommandExecutor.java:83)
	at org.openqa.selenium.remote.RemoteWebDriver.execute(RemoteWebDriver.java:548)
	at org.openqa.selenium.remote.RemoteWebDriver.startSession(RemoteWebDriver.java:212)
	at org.openqa.selenium.remote.RemoteWebDriver.<init>(RemoteWebDriver.java:130)
	at org.openqa.selenium.chrome.ChromeDriver.<init>(ChromeDriver.java:181)
	at org.openqa.selenium.chrome.ChromeDriver.<init>(ChromeDriver.java:168)
	at org.openqa.selenium.chrome.ChromeDriver.<init>(ChromeDriver.java:123)
	at com.testCases.BaseClass.Setup(BaseClass.java:75)
	at sun.reflect.NativeMethodAccessorImpl.invoke0(Native Method)
	at sun.reflect.NativeMethodAccessorImpl.invoke(NativeMethodAccessorImpl.java:62)
	at sun.reflect.DelegatingMethodAccessorImpl.invoke(DelegatingMethodAccessorImpl.java:43)
	at java.lang.reflect.Method.invoke(Method.java:498)
	at org.testng.internal.MethodInvocationHelper.invokeMethod(MethodInvocationHelper.java:86)
	at org.testng.internal.Invoker.invokeConfigurationMethod(Invoker.java:514)
	at org.testng.internal.Invoker.invokeConfigurations(Invoker.java:215)
	at org.testng.internal.Invoker.invokeConfigurations(Invoker.java:142)
	at org.testng.internal.TestMethodWorker.invokeBeforeClassMethods(TestMethodWorker.java:178)
	at org.testng.internal.TestMethodWorker.run(TestMethodWorker.java:108)
	at org.testng.TestRunner.privateRun(TestRunner.java:782)
	at org.testng.TestRunner.run(TestRunner.java:632)
	at org.testng.SuiteRunner.runTest(SuiteRunner.java:366)
	at org.testng.SuiteRunner.runSequentially(SuiteRunner.java:361)
	at org.testng.SuiteRunner.privateRun(SuiteRunner.java:319)
	at org.testng.SuiteRunner.run(SuiteRunner.java:268)
	at org.testng.SuiteRunnerWorker.runSuite(SuiteRunnerWorker.java:52)
	at org.testng.SuiteRunnerWorker.run(SuiteRunnerWorker.java:86)
	at org.testng.TestNG.runSuitesSequentially(TestNG.java:1244)
	at org.testng.TestNG.runSuitesLocally(TestNG.java:1169)
	at org.testng.TestNG.run(TestNG.java:1064)
	at org.testng.remote.AbstractRemoteTestNG.run(AbstractRemoteTestNG.java:115)
	at org.testng.remote.RemoteTestNG.initAndRun(RemoteTestNG.java:251)
	at org.testng.remote.RemoteTestNG.main(RemoteTestNG.java:77)
]]>
            </full-stacktrace>
          </exception> <!-- org.openqa.selenium.SessionNotCreatedException -->
          <reporter-output>
          </reporter-output>
        </test-method> <!-- Setup -->
        <test-method status="SKIP" signature="reorder()[pri:0, instance:com.testCases.TC08_Reorder@4ae3c1cd]" name="reorder" duration-ms="2" started-at="2020-06-14T21:22:51Z" description="reorder the first order in the List" finished-at="2020-06-14T21:22:51Z">
          <reporter-output>
          </reporter-output>
        </test-method> <!-- reorder -->
        <test-method status="SKIP" signature="tearDown(org.testng.ITestResult)[pri:0, instance:com.testCases.TC08_Reorder@4ae3c1cd]" name="tearDown" is-config="true" duration-ms="0" started-at="2020-06-14T21:22:51Z" finished-at="2020-06-14T21:22:51Z">
          <reporter-output>
          </reporter-output>
        </test-method> <!-- tearDown -->
        <test-method status="SKIP" signature="closeBrowser()[pri:0, instance:com.testCases.TC08_Reorder@4ae3c1cd]" name="closeBrowser" is-config="true" duration-ms="0" started-at="2020-06-14T21:22:51Z" finished-at="2020-06-14T21:22:51Z">
          <reporter-output>
          </reporter-output>
        </test-method> <!-- closeBrowser -->
        <test-method status="SKIP" signature="closeReport()[pri:0, instance:com.testCases.TC08_Reorder@4ae3c1cd]" name="closeReport" is-config="true" duration-ms="0" started-at="2020-06-14T21:22:51Z" finished-at="2020-06-14T21:22:51Z">
          <reporter-output>
          </reporter-output>
        </test-method> <!-- closeReport -->
      </class> <!-- com.testCases.TC08_Reorder -->
    </test> <!-- BankingAppTest -->
  </suite> <!-- Suite -->
</testng-results>
